\BOOKMARK [1][-]{section*.2}{Introduction}{}% 1
\BOOKMARK [1][-]{section.1}{1. Disjointness and -isomorphisms}{}% 2
\BOOKMARK [2][-]{subsection.1.1}{1.1. Disjointness relations}{section.1}% 3
\BOOKMARK [2][-]{subsection.1.2}{1.2. -ideals}{section.1}% 4
\BOOKMARK [2][-]{subsection.1.3}{1.3. The main theorems}{section.1}% 5
\BOOKMARK [1][-]{section.2}{2. Basic maps}{}% 6
\BOOKMARK [2][-]{subsection.2.1}{2.1. Algebraic signatures and basic maps}{section.2}% 7
\BOOKMARK [2][-]{subsection.2.2}{2.2. Group-valued maps}{section.2}% 8
\BOOKMARK [2][-]{subsection.2.3}{2.3. Continuity}{section.2}% 9
\BOOKMARK [2][-]{subsection.2.4}{2.4. Non-vanishing bijections}{section.2}% 10
\BOOKMARK [1][-]{section.3}{3. Consequences}{}% 11
\BOOKMARK [2][-]{subsection.3.1}{3.1. Milgram's Theorem}{section.3}% 12
\BOOKMARK [2][-]{subsection.3.2}{3.2. Group-Valued functions; the Hern\341ndez\205R\363denas Theorem}{section.3}% 13
\BOOKMARK [2][-]{subsection.3.3}{3.3. Kaplansky's Theorem}{section.3}% 14
\BOOKMARK [2][-]{subsection.3.4}{3.4. Li\205Wong Theorem}{section.3}% 15
\BOOKMARK [2][-]{subsection.3.5}{3.5. Jarosz' Theorem}{section.3}% 16
\BOOKMARK [2][-]{subsection.3.6}{3.6. Banach\205Stone Theorem}{section.3}% 17
\BOOKMARK [2][-]{subsection.3.7}{3.7. L-spaces}{section.3}% 18
\BOOKMARK [2][-]{subsection.3.8}{3.8. Measured groupoid convolution algebras}{section.3}% 19
\BOOKMARK [2][-]{subsection.3.9}{3.9. \(I,r\)-Groupoid convolution algebras}{section.3}% 20
\BOOKMARK [2][-]{subsection.3.10}{3.10. Steinberg Algebras}{section.3}% 21
\BOOKMARK [2][-]{subsection.3.11}{3.11. Groups of circle-valued functions}{section.3}% 22
\BOOKMARK [2][-]{section*.21}{Acknowledgements}{section.3}% 23
\BOOKMARK [1][-]{section*.22}{References}{}% 24
